ERROR - 2022-08-27 09:13:49 --> mysqli_sql_exception: Column 'sexe' cannot be null in /app/myapp/system/Database/MySQLi/Connection.php:292
Stack trace:
#0 /app/myapp/system/Database/MySQLi/Connection.php(292): mysqli->query()
#1 /app/myapp/system/Database/BaseConnection.php(693): CodeIgniter\Database\MySQLi\Connection->execute()
#2 /app/myapp/system/Database/BaseConnection.php(620): CodeIgniter\Database\BaseConnection->simpleQuery()
#3 /app/myapp/system/Database/BaseBuilder.php(1916): CodeIgniter\Database\BaseConnection->query()
#4 /app/myapp/system/Model.php(278): CodeIgniter\Database\BaseBuilder->insert()
#5 /app/myapp/system/BaseModel.php(738): CodeIgniter\Model->doInsert()
#6 /app/myapp/system/Model.php(666): CodeIgniter\BaseModel->insert()
#7 /app/myapp/system/BaseModel.php(658): CodeIgniter\Model->insert()
#8 /app/myapp/app/Controllers/Neo.php(43): CodeIgniter\BaseModel->save()
#9 /app/myapp/system/CodeIgniter.php(904): App\Controllers\Neo->create()
#10 /app/myapp/system/CodeIgniter.php(457): CodeIgniter\CodeIgniter->runController()
#11 /app/myapp/system/CodeIgniter.php(340): CodeIgniter\CodeIgniter->handleRequest()
#12 /app/myapp/public/index.php(67): CodeIgniter\CodeIgniter->run()
#13 {main}
CRITICAL - 2022-08-27 09:13:49 --> Column 'sexe' cannot be null
in SYSTEMPATH/Database/MySQLi/Connection.php on line 292.
 1 SYSTEMPATH/Database/MySQLi/Connection.php(292): mysqli->query()
 2 SYSTEMPATH/Database/BaseConnection.php(693): CodeIgniter\Database\MySQLi\Connection->execute()
 3 SYSTEMPATH/Database/BaseConnection.php(620): CodeIgniter\Database\BaseConnection->simpleQuery()
 4 SYSTEMPATH/Database/BaseBuilder.php(1916): CodeIgniter\Database\BaseConnection->query()
 5 SYSTEMPATH/Model.php(278): CodeIgniter\Database\BaseBuilder->insert()
 6 SYSTEMPATH/BaseModel.php(738): CodeIgniter\Model->doInsert()
 7 SYSTEMPATH/Model.php(666): CodeIgniter\BaseModel->insert()
 8 SYSTEMPATH/BaseModel.php(658): CodeIgniter\Model->insert()
 9 APPPATH/Controllers/Neo.php(43): CodeIgniter\BaseModel->save()
10 SYSTEMPATH/CodeIgniter.php(904): App\Controllers\Neo->create()
11 SYSTEMPATH/CodeIgniter.php(457): CodeIgniter\CodeIgniter->runController()
12 SYSTEMPATH/CodeIgniter.php(340): CodeIgniter\CodeIgniter->handleRequest()
13 FCPATH/index.php(67): CodeIgniter\CodeIgniter->run()
CRITICAL - 2022-08-27 10:48:12 --> Invalid file: signup.php
in SYSTEMPATH/Exceptions/FrameworkException.php on line 33.
 1 SYSTEMPATH/View/View.php(201): CodeIgniter\Exceptions\FrameworkException::forInvalidFile()
 2 SYSTEMPATH/Common.php(1137): CodeIgniter\View\View->render()
 3 APPPATH/Controllers/Neo.php(81): view()
 4 SYSTEMPATH/CodeIgniter.php(904): App\Controllers\Neo->auth()
 5 SYSTEMPATH/CodeIgniter.php(457): CodeIgniter\CodeIgniter->runController()
 6 SYSTEMPATH/CodeIgniter.php(340): CodeIgniter\CodeIgniter->handleRequest()
 7 FCPATH/index.php(67): CodeIgniter\CodeIgniter->run()
CRITICAL - 2022-08-27 10:48:15 --> Invalid file: signup.php
in SYSTEMPATH/Exceptions/FrameworkException.php on line 33.
 1 SYSTEMPATH/View/View.php(201): CodeIgniter\Exceptions\FrameworkException::forInvalidFile()
 2 SYSTEMPATH/Common.php(1137): CodeIgniter\View\View->render()
 3 APPPATH/Controllers/Neo.php(81): view()
 4 SYSTEMPATH/CodeIgniter.php(904): App\Controllers\Neo->auth()
 5 SYSTEMPATH/CodeIgniter.php(457): CodeIgniter\CodeIgniter->runController()
 6 SYSTEMPATH/CodeIgniter.php(340): CodeIgniter\CodeIgniter->handleRequest()
 7 FCPATH/index.php(67): CodeIgniter\CodeIgniter->run()
