ERROR - 2022-08-24 04:22:37 --> mysqli_sql_exception: Column 'sexe' cannot be null in /app/myapp/system/Database/MySQLi/Connection.php:292
Stack trace:
#0 /app/myapp/system/Database/MySQLi/Connection.php(292): mysqli->query()
#1 /app/myapp/system/Database/BaseConnection.php(693): CodeIgniter\Database\MySQLi\Connection->execute()
#2 /app/myapp/system/Database/BaseConnection.php(620): CodeIgniter\Database\BaseConnection->simpleQuery()
#3 /app/myapp/system/Database/BaseBuilder.php(1916): CodeIgniter\Database\BaseConnection->query()
#4 /app/myapp/system/Model.php(278): CodeIgniter\Database\BaseBuilder->insert()
#5 /app/myapp/system/BaseModel.php(738): CodeIgniter\Model->doInsert()
#6 /app/myapp/system/Model.php(666): CodeIgniter\BaseModel->insert()
#7 /app/myapp/system/BaseModel.php(658): CodeIgniter\Model->insert()
#8 /app/myapp/app/Controllers/Neo.php(44): CodeIgniter\BaseModel->save()
#9 /app/myapp/system/CodeIgniter.php(904): App\Controllers\Neo->create()
#10 /app/myapp/system/CodeIgniter.php(457): CodeIgniter\CodeIgniter->runController()
#11 /app/myapp/system/CodeIgniter.php(340): CodeIgniter\CodeIgniter->handleRequest()
#12 /app/myapp/public/index.php(67): CodeIgniter\CodeIgniter->run()
#13 {main}
CRITICAL - 2022-08-24 04:22:37 --> Column 'sexe' cannot be null
in SYSTEMPATH/Database/MySQLi/Connection.php on line 292.
 1 SYSTEMPATH/Database/MySQLi/Connection.php(292): mysqli->query()
 2 SYSTEMPATH/Database/BaseConnection.php(693): CodeIgniter\Database\MySQLi\Connection->execute()
 3 SYSTEMPATH/Database/BaseConnection.php(620): CodeIgniter\Database\BaseConnection->simpleQuery()
 4 SYSTEMPATH/Database/BaseBuilder.php(1916): CodeIgniter\Database\BaseConnection->query()
 5 SYSTEMPATH/Model.php(278): CodeIgniter\Database\BaseBuilder->insert()
 6 SYSTEMPATH/BaseModel.php(738): CodeIgniter\Model->doInsert()
 7 SYSTEMPATH/Model.php(666): CodeIgniter\BaseModel->insert()
 8 SYSTEMPATH/BaseModel.php(658): CodeIgniter\Model->insert()
 9 APPPATH/Controllers/Neo.php(44): CodeIgniter\BaseModel->save()
10 SYSTEMPATH/CodeIgniter.php(904): App\Controllers\Neo->create()
11 SYSTEMPATH/CodeIgniter.php(457): CodeIgniter\CodeIgniter->runController()
12 SYSTEMPATH/CodeIgniter.php(340): CodeIgniter\CodeIgniter->handleRequest()
13 FCPATH/index.php(67): CodeIgniter\CodeIgniter->run()
CRITICAL - 2022-08-24 05:23:59 --> Invalid file: neoness/success.php
in SYSTEMPATH/Exceptions/FrameworkException.php on line 33.
 1 SYSTEMPATH/View/View.php(201): CodeIgniter\Exceptions\FrameworkException::forInvalidFile()
 2 SYSTEMPATH/Common.php(1137): CodeIgniter\View\View->render()
 3 APPPATH/Controllers/Neo.php(47): view()
 4 SYSTEMPATH/CodeIgniter.php(904): App\Controllers\Neo->create()
 5 SYSTEMPATH/CodeIgniter.php(457): CodeIgniter\CodeIgniter->runController()
 6 SYSTEMPATH/CodeIgniter.php(340): CodeIgniter\CodeIgniter->handleRequest()
 7 FCPATH/index.php(67): CodeIgniter\CodeIgniter->run()
CRITICAL - 2022-08-24 07:10:30 --> syntax error, unexpected variable "$this", expecting "function" or "const"
in APPPATH/Controllers/Neo.php on line 9.
 1 SYSTEMPATH/Autoloader/Autoloader.php(259): CodeIgniter\Autoloader\Autoloader->includeFile()
 2 SYSTEMPATH/Autoloader/Autoloader.php(237): CodeIgniter\Autoloader\Autoloader->loadInNamespace()
 3 [internal function]: CodeIgniter\Autoloader\Autoloader->loadClass()
 4 SYSTEMPATH/CodeIgniter.php(854): class_exists()
 5 SYSTEMPATH/CodeIgniter.php(444): CodeIgniter\CodeIgniter->startController()
 6 SYSTEMPATH/CodeIgniter.php(340): CodeIgniter\CodeIgniter->handleRequest()
 7 FCPATH/index.php(67): CodeIgniter\CodeIgniter->run()
CRITICAL - 2022-08-24 07:10:38 --> syntax error, unexpected variable "$this", expecting "function" or "const"
in APPPATH/Controllers/Neo.php on line 9.
 1 SYSTEMPATH/Autoloader/Autoloader.php(259): CodeIgniter\Autoloader\Autoloader->includeFile()
 2 SYSTEMPATH/Autoloader/Autoloader.php(237): CodeIgniter\Autoloader\Autoloader->loadInNamespace()
 3 [internal function]: CodeIgniter\Autoloader\Autoloader->loadClass()
 4 SYSTEMPATH/CodeIgniter.php(854): class_exists()
 5 SYSTEMPATH/CodeIgniter.php(444): CodeIgniter\CodeIgniter->startController()
 6 SYSTEMPATH/CodeIgniter.php(340): CodeIgniter\CodeIgniter->handleRequest()
 7 FCPATH/index.php(67): CodeIgniter\CodeIgniter->run()
CRITICAL - 2022-08-24 07:10:44 --> syntax error, unexpected variable "$this", expecting "function" or "const"
in APPPATH/Controllers/Neo.php on line 9.
 1 SYSTEMPATH/Autoloader/Autoloader.php(259): CodeIgniter\Autoloader\Autoloader->includeFile()
 2 SYSTEMPATH/Autoloader/Autoloader.php(237): CodeIgniter\Autoloader\Autoloader->loadInNamespace()
 3 [internal function]: CodeIgniter\Autoloader\Autoloader->loadClass()
 4 SYSTEMPATH/CodeIgniter.php(854): class_exists()
 5 SYSTEMPATH/CodeIgniter.php(444): CodeIgniter\CodeIgniter->startController()
 6 SYSTEMPATH/CodeIgniter.php(340): CodeIgniter\CodeIgniter->handleRequest()
 7 FCPATH/index.php(67): CodeIgniter\CodeIgniter->run()
CRITICAL - 2022-08-24 07:24:36 --> Undefined property: App\Controllers\Neo::$load
in APPPATH/Controllers/Neo.php on line 18.
 1 APPPATH/Controllers/Neo.php(18): CodeIgniter\Debug\Exceptions->errorHandler()
 2 SYSTEMPATH/CodeIgniter.php(904): App\Controllers\Neo->view()
 3 SYSTEMPATH/CodeIgniter.php(457): CodeIgniter\CodeIgniter->runController()
 4 SYSTEMPATH/CodeIgniter.php(340): CodeIgniter\CodeIgniter->handleRequest()
 5 FCPATH/index.php(67): CodeIgniter\CodeIgniter->run()
CRITICAL - 2022-08-24 07:43:17 --> syntax error, unexpected token "if"
in APPPATH/Config/Routes.php on line 65.
 1 SYSTEMPATH/CodeIgniter.php(406): CodeIgniter\CodeIgniter->tryToRouteIt()
 2 SYSTEMPATH/CodeIgniter.php(340): CodeIgniter\CodeIgniter->handleRequest()
 3 FCPATH/index.php(67): CodeIgniter\CodeIgniter->run()
CRITICAL - 2022-08-24 07:43:23 --> syntax error, unexpected token "if"
in APPPATH/Config/Routes.php on line 65.
 1 SYSTEMPATH/CodeIgniter.php(406): CodeIgniter\CodeIgniter->tryToRouteIt()
 2 SYSTEMPATH/CodeIgniter.php(340): CodeIgniter\CodeIgniter->handleRequest()
 3 FCPATH/index.php(67): CodeIgniter\CodeIgniter->run()
